Attaching to loki-compose_loki_1, loki-compose_promtail_1, loki-compose_grafana_1
[36mgrafana_1   |[0m GF_PATHS_DATA='/var/lib/grafana' is not writable.
[36mgrafana_1   |[0m You may have issues with file permissions, more information here: http://docs.grafana.org/installation/docker/#migrate-to-v51-or-later
[32mpromtail_1  |[0m Unable to parse config: open ./promtail-config.yml: no such file or directory
[33mloki_1      |[0m 2021-11-12 05:51:26.780206 I | proto: duplicate proto type registered: purgeplan.DeletePlan
[33mloki_1      |[0m 2021-11-12 05:51:26.780318 I | proto: duplicate proto type registered: purgeplan.ChunksGroup
[33mloki_1      |[0m 2021-11-12 05:51:26.780323 I | proto: duplicate proto type registered: purgeplan.ChunkDetails
[33mloki_1      |[0m 2021-11-12 05:51:26.780327 I | proto: duplicate proto type registered: purgeplan.Interval
[36mgrafana_1   |[0m mkdir: can't create directory '/var/lib/grafana/plugins': Permission denied
[33mloki_1      |[0m 2021-11-12 05:51:26.799637 I | proto: duplicate proto type registered: grpc.PutChunksRequest
[33mloki_1      |[0m 2021-11-12 05:51:26.799677 I | proto: duplicate proto type registered: grpc.GetChunksRequest
[33mloki_1      |[0m 2021-11-12 05:51:26.799686 I | proto: duplicate proto type registered: grpc.GetChunksResponse
[33mloki_1      |[0m 2021-11-12 05:51:26.799693 I | proto: duplicate proto type registered: grpc.Chunk
[33mloki_1      |[0m 2021-11-12 05:51:26.799699 I | proto: duplicate proto type registered: grpc.ChunkID
[33mloki_1      |[0m 2021-11-12 05:51:26.799706 I | proto: duplicate proto type registered: grpc.DeleteTableRequest
[33mloki_1      |[0m 2021-11-12 05:51:26.799736 I | proto: duplicate proto type registered: grpc.DescribeTableRequest
[33mloki_1      |[0m 2021-11-12 05:51:26.799782 I | proto: duplicate proto type registered: grpc.WriteBatch
[33mloki_1      |[0m 2021-11-12 05:51:26.799789 I | proto: duplicate proto type registered: grpc.WriteIndexRequest
[33mloki_1      |[0m 2021-11-12 05:51:26.799796 I | proto: duplicate proto type registered: grpc.DeleteIndexRequest
[33mloki_1      |[0m 2021-11-12 05:51:26.799803 I | proto: duplicate proto type registered: grpc.QueryIndexResponse
[33mloki_1      |[0m 2021-11-12 05:51:26.799810 I | proto: duplicate proto type registered: grpc.Row
[33mloki_1      |[0m 2021-11-12 05:51:26.799819 I | proto: duplicate proto type registered: grpc.IndexEntry
[33mloki_1      |[0m 2021-11-12 05:51:26.799826 I | proto: duplicate proto type registered: grpc.QueryIndexRequest
[33mloki_1      |[0m 2021-11-12 05:51:26.799838 I | proto: duplicate proto type registered: grpc.UpdateTableRequest
[33mloki_1      |[0m 2021-11-12 05:51:26.799846 I | proto: duplicate proto type registered: grpc.DescribeTableResponse
[33mloki_1      |[0m 2021-11-12 05:51:26.799854 I | proto: duplicate proto type registered: grpc.CreateTableRequest
[33mloki_1      |[0m 2021-11-12 05:51:26.799861 I | proto: duplicate proto type registered: grpc.TableDesc
[33mloki_1      |[0m 2021-11-12 05:51:26.799872 I | proto: duplicate proto type registered: grpc.TableDesc.TagsEntry
[33mloki_1      |[0m 2021-11-12 05:51:26.799878 I | proto: duplicate proto type registered: grpc.ListTablesResponse
[33mloki_1      |[0m 2021-11-12 05:51:26.799887 I | proto: duplicate proto type registered: grpc.Labels
[33mloki_1      |[0m 2021-11-12 05:51:26.800145 I | proto: duplicate proto type registered: storage.Entry
[33mloki_1      |[0m 2021-11-12 05:51:26.800169 I | proto: duplicate proto type registered: storage.ReadBatch
[33mloki_1      |[0m failed parsing config: open ./loki-config.yaml: no such file or directory
[32mloki-compose_promtail_1 exited with code 1
[0m[33mloki-compose_loki_1 exited with code 1
[0m[36mloki-compose_grafana_1 exited with code 1
[0m